离线打包/Android/4.76/Android-SDK@4.76.82455_20250731/HBuilder-Integrate-AS/simpleDemo/build/intermediates/manifest_merge_blame_file/debug/processDebugMainManifest/manifest-merger-blame-debug-report.txt
1<?xml version="1.0" encoding="utf-8"?>
2<manifest xmlns:android="http://schemas.android.com/apk/res/android"
3    package="com.cheryge.greenenergy"
4    android:versionCode="1"
5    android:versionName="1.0" >
6
7    <uses-sdk
8        android:minSdkVersion="21"
9        android:targetSdkVersion="33" />
10
11    <!-- Barcode(二维码)  begin -->
12    <uses-permission android:name="android.permission.CAMERA" />
12-->src/main/AndroidManifest.xml:6:5-65
12-->src/main/AndroidManifest.xml:6:22-62
13    <uses-permission android:name="android.permission.WRITE_EXTERNAL_STORAGE" />
13-->src/main/AndroidManifest.xml:7:5-81
13-->src/main/AndroidManifest.xml:7:22-78
14
15    <uses-feature android:name="android.hardware.camera" />
15-->src/main/AndroidManifest.xml:8:5-60
15-->src/main/AndroidManifest.xml:8:19-57
16    <uses-feature android:name="android.hardware.camera.autofocus" />
16-->src/main/AndroidManifest.xml:9:5-70
16-->src/main/AndroidManifest.xml:9:19-67
17
18    <uses-permission android:name="android.permission.VIBRATE" />
18-->src/main/AndroidManifest.xml:10:5-66
18-->src/main/AndroidManifest.xml:10:22-63
19    <uses-permission android:name="android.permission.FLASHLIGHT" />
19-->src/main/AndroidManifest.xml:11:5-69
19-->src/main/AndroidManifest.xml:11:22-66
20    <!-- Barcode(二维码)  end -->
21
22    <uses-permission android:name="android.permission.USE_FINGERPRINT" />
22-->src/main/AndroidManifest.xml:14:5-73
22-->src/main/AndroidManifest.xml:14:22-71
23
24    <!-- Maps(地图) begin -->
25    <!-- Maps - 百度地图 begin -->
26    <uses-permission android:name="android.permission.INTERNET" />
26-->src/main/AndroidManifest.xml:18:5-67
26-->src/main/AndroidManifest.xml:18:22-64
27    <uses-permission android:name="android.permission.WRITE_EXTERNAL_STORAGE" />
27-->src/main/AndroidManifest.xml:7:5-81
27-->src/main/AndroidManifest.xml:7:22-78
28    <uses-permission android:name="android.permission.ACCESS_COARSE_LOCATION" />
28-->src/main/AndroidManifest.xml:20:5-81
28-->src/main/AndroidManifest.xml:20:22-78
29    <uses-permission android:name="android.permission.ACCESS_FINE_LOCATION" />
29-->src/main/AndroidManifest.xml:21:5-79
29-->src/main/AndroidManifest.xml:21:22-76
30    <uses-permission android:name="android.permission.WRITE_SETTINGS" />
30-->src/main/AndroidManifest.xml:22:5-73
30-->src/main/AndroidManifest.xml:22:22-70
31    <uses-permission android:name="android.permission.ACCESS_NETWORK_STATE" />
31-->src/main/AndroidManifest.xml:23:5-79
31-->src/main/AndroidManifest.xml:23:22-76
32    <uses-permission android:name="android.permission.CHANGE_WIFI_STATE" />
32-->src/main/AndroidManifest.xml:24:5-76
32-->src/main/AndroidManifest.xml:24:22-73
33    <uses-permission android:name="android.permission.READ_PHONE_STATE" />
33-->src/main/AndroidManifest.xml:25:5-75
33-->src/main/AndroidManifest.xml:25:22-72
34    <uses-permission android:name="android.permission.MOUNT_UNMOUNT_FILESYSTEMS" />
34-->src/main/AndroidManifest.xml:26:5-84
34-->src/main/AndroidManifest.xml:26:22-81
35    <uses-permission android:name="android.permission.READ_LOGS" />
35-->src/main/AndroidManifest.xml:27:5-68
35-->src/main/AndroidManifest.xml:27:22-65
36    <!-- Maps(地图) end -->
37
38
39    <!-- Push(推送)只能选择一个推送组件 -->
40    <!-- Push(推送)-MKeyPush begin -->
41    <!--
42    <uses-permission android:name="android.permission.INTERNET"/>
43    <uses-permission android:name="android.permission.ACCESS_WIFI_STATE"/>
44    <uses-permission android:name="android.permission.ACCESS_NETWORK_STATE"/>
45    <uses-permission android:name="android.permission.READ_PHONE_STATE"/>
46    -->
47    <!-- Push(推送)-MKeyPush  end -->
48
49
50    <!-- 小米推送 -->
51    <!--
52    <uses-permission android:name="android.permission.INTERNET"/>
53    <uses-permission android:name="android.permission.ACCESS_NETWORK_STATE"/>
54    <uses-permission android:name="android.permission.ACCESS_WIFI_STATE"/>
55    <uses-permission android:name="android.permission.READ_PHONE_STATE"/>
56    <uses-permission android:name="android.permission.GET_TASKS"/>
57    <uses-permission android:name="android.permission.VIBRATE"/>
58    <uses-permission android:name="android.permission.GET_TASKS"/>
59    <uses-permission android:name="android.permission.INTERACT_ACROSS_USERS_FULL"/>
60    <uses-permission android:name="android.permission.GET_TOP_ACTIVITY_INFO"/>
61    <uses-permission android:name="com.HBuilder.integrate.permission.MIPUSH_RECEIVE"/>
62    <permission android:name="com.HBuilder.integrate.permission.MIPUSH_RECEIVE" android:protectionLevel="signature"/>
63    -->
64    <!-- 小米推送 end -->
65
66
67    <!-- Share(分享)  begin -->
68    <!-- Share - 新浪微博分享 -->
69    <uses-permission android:name="android.permission.CHANGE_WIFI_STATE" />
69-->src/main/AndroidManifest.xml:24:5-76
69-->src/main/AndroidManifest.xml:24:22-73
70    <uses-permission android:name="android.permission.ACCESS_WIFI_STATE" />
70-->src/main/AndroidManifest.xml:61:5-76
70-->src/main/AndroidManifest.xml:61:22-73
71    <uses-permission android:name="android.permission.ACCESS_NETWORK_STATE" />
71-->src/main/AndroidManifest.xml:23:5-79
71-->src/main/AndroidManifest.xml:23:22-76
72    <!-- Share - 腾讯微博分享 -->
73    <uses-permission android:name="android.permission.ACCESS_NETWORK_STATE" />
73-->src/main/AndroidManifest.xml:23:5-79
73-->src/main/AndroidManifest.xml:23:22-76
74    <uses-permission android:name="android.permission.ACCESS_WIFI_STATE" />
74-->src/main/AndroidManifest.xml:61:5-76
74-->src/main/AndroidManifest.xml:61:22-73
75    <uses-permission android:name="android.permission.CHANGE_WIFI_STATE" />
75-->src/main/AndroidManifest.xml:24:5-76
75-->src/main/AndroidManifest.xml:24:22-73
76    <uses-permission android:name="android.permission.ACCESS_COARSE_LOCATION" />
76-->src/main/AndroidManifest.xml:20:5-81
76-->src/main/AndroidManifest.xml:20:22-78
77    <uses-permission android:name="android.permission.ACCESS_FINE_LOCATION" />
77-->src/main/AndroidManifest.xml:21:5-79
77-->src/main/AndroidManifest.xml:21:22-76
78    <uses-permission android:name="android.permission.ACCESS_MOCK_LOCATION" />
78-->src/main/AndroidManifest.xml:69:5-79
78-->src/main/AndroidManifest.xml:69:22-76
79    <!-- Share - 微信分享 -->
80    <uses-permission android:name="android.permission.MODIFY_AUDIO_SETTINGS" />
80-->src/main/AndroidManifest.xml:71:5-80
80-->src/main/AndroidManifest.xml:71:22-77
81    <!-- Push(推送)   end -->
82
83
84    <!-- Speech(语音识别)  begin -->
85    <!-- Speech - 讯飞语音云 -->
86    <uses-permission android:name="android.permission.INTERNET" />
86-->src/main/AndroidManifest.xml:18:5-67
86-->src/main/AndroidManifest.xml:18:22-64
87    <uses-permission android:name="android.permission.WRITE_EXTERNAL_STORAGE" />
87-->src/main/AndroidManifest.xml:7:5-81
87-->src/main/AndroidManifest.xml:7:22-78
88    <uses-permission android:name="android.permission.RECORD_AUDIO" />
88-->src/main/AndroidManifest.xml:79:5-71
88-->src/main/AndroidManifest.xml:79:22-68
89    <uses-permission android:name="android.permission.ACCESS_NETWORK_STATE" />
89-->src/main/AndroidManifest.xml:23:5-79
89-->src/main/AndroidManifest.xml:23:22-76
90    <uses-permission android:name="android.permission.ACCESS_WIFI_STATE" />
90-->src/main/AndroidManifest.xml:61:5-76
90-->src/main/AndroidManifest.xml:61:22-73
91    <uses-permission android:name="android.permission.CHANGE_NETWORK_STATE" />
91-->src/main/AndroidManifest.xml:82:5-79
91-->src/main/AndroidManifest.xml:82:22-76
92    <uses-permission android:name="android.permission.READ_PHONE_STATE" />
92-->src/main/AndroidManifest.xml:25:5-75
92-->src/main/AndroidManifest.xml:25:22-72
93    <!-- Speech(语音识别)  end -->
94
95
96    <!-- Statistic(统计)  begin -->
97    <!-- Statistic - 友盟统计 -->
98    <uses-permission android:name="android.permission.READ_LOGS" />
98-->src/main/AndroidManifest.xml:27:5-68
98-->src/main/AndroidManifest.xml:27:22-65
99    <uses-permission android:name="android.permission.RECEIVE_BOOT_COMPLETED" />
99-->src/main/AndroidManifest.xml:90:5-81
99-->src/main/AndroidManifest.xml:90:22-78
100    <uses-permission android:name="android.permission.RECEIVE_USER_PRESENT" />
100-->src/main/AndroidManifest.xml:91:5-79
100-->src/main/AndroidManifest.xml:91:22-76
101    <!-- Statistic(统计)  end -->
102
103
104    <!-- 小米分享 -->
105    <uses-permission android:name="com.xiaomi.permission.AUTH_SERVICE" />
105-->src/main/AndroidManifest.xml:95:5-74
105-->src/main/AndroidManifest.xml:95:22-71
106
107    <!-- 蓝牙 ibeacon权限 -->
108    <uses-permission android:name="android.permission.ACCESS_COARSE_LOCATION" />
108-->src/main/AndroidManifest.xml:20:5-81
108-->src/main/AndroidManifest.xml:20:22-78
109    <uses-permission android:name="android.permission.ACCESS_FINE_LOCATION" />
109-->src/main/AndroidManifest.xml:21:5-79
109-->src/main/AndroidManifest.xml:21:22-76
110    <uses-permission android:name="android.permission.BLUETOOTH_ADMIN" />
110-->src/main/AndroidManifest.xml:100:5-74
110-->src/main/AndroidManifest.xml:100:22-71
111    <uses-permission android:name="android.permission.BLUETOOTH" />
111-->src/main/AndroidManifest.xml:101:5-68
111-->src/main/AndroidManifest.xml:101:22-65
112
113    <!-- 基座删除的部分权限 -->
114    <uses-permission android:name="android.permission.GET_TASKS" />
114-->src/main/AndroidManifest.xml:104:5-68
114-->src/main/AndroidManifest.xml:104:22-65
115    <uses-permission android:name="android.permission.CHANGE_NETWORK_STATE" />
115-->src/main/AndroidManifest.xml:82:5-79
115-->src/main/AndroidManifest.xml:82:22-76
116    <uses-permission android:name="android.permission.READ_CONTACTS" />
116-->src/main/AndroidManifest.xml:106:5-72
116-->src/main/AndroidManifest.xml:106:22-69
117    <uses-permission android:name="android.permission.ACCESS_WIFI_STATE" />
117-->src/main/AndroidManifest.xml:61:5-76
117-->src/main/AndroidManifest.xml:61:22-73
118
119    <uses-feature android:name="android.hardware.camera.autofocus" />
119-->src/main/AndroidManifest.xml:9:5-70
119-->src/main/AndroidManifest.xml:9:19-67
120
121    <uses-permission android:name="android.permission.WRITE_CONTACTS" />
121-->src/main/AndroidManifest.xml:109:5-73
121-->src/main/AndroidManifest.xml:109:22-70
122    <uses-permission android:name="android.permission.CAMERA" />
122-->src/main/AndroidManifest.xml:6:5-65
122-->src/main/AndroidManifest.xml:6:22-62
123    <uses-permission android:name="android.permission.GET_ACCOUNTS" />
123-->src/main/AndroidManifest.xml:111:5-71
123-->src/main/AndroidManifest.xml:111:22-68
124    <uses-permission android:name="android.permission.RECORD_AUDIO" />
124-->src/main/AndroidManifest.xml:79:5-71
124-->src/main/AndroidManifest.xml:79:22-68
125    <uses-permission android:name="android.permission.SEND_SMS" />
125-->src/main/AndroidManifest.xml:113:5-67
125-->src/main/AndroidManifest.xml:113:22-64
126    <uses-permission android:name="android.permission.READ_PHONE_STATE" />
126-->src/main/AndroidManifest.xml:25:5-75
126-->src/main/AndroidManifest.xml:25:22-72
127    <uses-permission android:name="android.permission.FLASHLIGHT" />
127-->src/main/AndroidManifest.xml:11:5-69
127-->src/main/AndroidManifest.xml:11:22-66
128
129    <uses-feature android:name="android.hardware.camera" />
129-->src/main/AndroidManifest.xml:8:5-60
129-->src/main/AndroidManifest.xml:8:19-57
130
131    <uses-permission android:name="android.permission.WRITE_SMS" />
131-->src/main/AndroidManifest.xml:117:5-68
131-->src/main/AndroidManifest.xml:117:22-65
132    <uses-permission android:name="android.permission.READ_SMS" />
132-->src/main/AndroidManifest.xml:118:5-67
132-->src/main/AndroidManifest.xml:118:22-64
133
134    <supports-screens
134-->[lib.5plus.base-release.aar] AndroidManifest.xml:7:5-12:39
135        android:anyDensity="true"
135-->[lib.5plus.base-release.aar] AndroidManifest.xml:8:9-34
136        android:largeScreens="true"
136-->[lib.5plus.base-release.aar] AndroidManifest.xml:9:9-36
137        android:normalScreens="true"
137-->[lib.5plus.base-release.aar] AndroidManifest.xml:10:9-37
138        android:resizeable="true"
138-->[lib.5plus.base-release.aar] AndroidManifest.xml:11:9-34
139        android:smallScreens="true" /> <!-- 适配android 13 图片选择权限 -->
139-->[lib.5plus.base-release.aar] AndroidManifest.xml:12:9-36
140    <uses-permission android:name="android.permission.READ_MEDIA_IMAGES" />
140-->[lib.5plus.base-release.aar] AndroidManifest.xml:17:5-76
140-->[lib.5plus.base-release.aar] AndroidManifest.xml:17:22-73
141    <uses-permission android:name="android.permission.READ_MEDIA_VIDEO" />
141-->[lib.5plus.base-release.aar] AndroidManifest.xml:18:5-75
141-->[lib.5plus.base-release.aar] AndroidManifest.xml:18:22-72
142    <uses-permission android:name="android.permission.READ_MEDIA_VISUAL_USER_SELECTED" />
142-->[lib.5plus.base-release.aar] AndroidManifest.xml:19:5-90
142-->[lib.5plus.base-release.aar] AndroidManifest.xml:19:22-87
143    <!--
144    <uses-permission
145        android:name="com.android.launcher.permission.UNINSTALL_SHORTCUT" />
146    -->
147    <!-- 华为修改角标需要设置权限 -->
148    <uses-permission android:name="com.huawei.android.launcher.permission.CHANGE_BADGE" /> <!-- vivo 修改角标需要设置权限 -->
148-->[lib.5plus.base-release.aar] AndroidManifest.xml:27:5-91
148-->[lib.5plus.base-release.aar] AndroidManifest.xml:27:22-88
149    <uses-permission android:name="com.vivo.notification.permission.BADGE_ICON" />
149-->[lib.5plus.base-release.aar] AndroidManifest.xml:29:5-83
149-->[lib.5plus.base-release.aar] AndroidManifest.xml:29:22-80
150
151    <queries>
151-->[lib.5plus.base-release.aar] AndroidManifest.xml:31:5-40:15
152        <intent>
152-->[lib.5plus.base-release.aar] AndroidManifest.xml:32:9-34:18
153            <action android:name="android.intent.action.MAIN" />
153-->src/main/AndroidManifest.xml:140:17-69
153-->src/main/AndroidManifest.xml:140:25-66
154        </intent>
155        <intent>
155-->[lib.5plus.base-release.aar] AndroidManifest.xml:35:9-39:18
156            <action android:name="android.intent.action.VIEW" />
156-->src/main/AndroidManifest.xml:185:17-69
156-->src/main/AndroidManifest.xml:185:25-66
157
158            <category android:name="android.intent.category.DEFAULT" />
158-->src/main/AndroidManifest.xml:187:17-76
158-->src/main/AndroidManifest.xml:187:27-73
159        </intent>
160
161        <package android:name="com.tencent.mm" />
161-->[share-weixin-release.aar] AndroidManifest.xml:8:9-50
161-->[share-weixin-release.aar] AndroidManifest.xml:8:18-47
162
163        <intent> <!-- H5 支持手淘登录 -->
163-->[com.alipay.sdk:alipaysdk-android:15.8.11] AndroidManifest.xml:10:9-14:18
164            <action android:name="*" />
164-->[com.alipay.sdk:alipaysdk-android:15.8.11] AndroidManifest.xml:11:13-40
164-->[com.alipay.sdk:alipaysdk-android:15.8.11] AndroidManifest.xml:11:21-37
165
166            <data android:scheme="tbopen" />
166-->src/main/AndroidManifest.xml:190:17-51
166-->src/main/AndroidManifest.xml:190:23-48
167        </intent>
168
169        <package android:name="com.eg.android.AlipayGphone" /> <!-- 支付宝 app -->
169-->[com.alipay.sdk:alipaysdk-android:15.8.11] AndroidManifest.xml:16:9-63
169-->[com.alipay.sdk:alipaysdk-android:15.8.11] AndroidManifest.xml:16:18-60
170        <package android:name="com.eg.android.AlipayGphoneRC" /> <!-- 沙箱支付宝 app -->
170-->[com.alipay.sdk:alipaysdk-android:15.8.11] AndroidManifest.xml:17:9-65
170-->[com.alipay.sdk:alipaysdk-android:15.8.11] AndroidManifest.xml:17:18-62
171        <package android:name="hk.alipay.wallet" />
171-->[com.alipay.sdk:alipaysdk-android:15.8.11] AndroidManifest.xml:18:9-52
171-->[com.alipay.sdk:alipaysdk-android:15.8.11] AndroidManifest.xml:18:18-49
172    </queries>
173
174    <uses-permission android:name="android.permission.READ_EXTERNAL_STORAGE" />
175    <uses-permission android:name="com.asus.msa.SupplementaryDID.ACCESS" />
175-->[oaid_sdk_1.0.25.aar] AndroidManifest.xml:13:5-76
175-->[oaid_sdk_1.0.25.aar] AndroidManifest.xml:13:22-73
176    <uses-permission android:name="freemme.permission.msa" />
176-->[oaid_sdk_1.0.25.aar] AndroidManifest.xml:15:5-62
176-->[oaid_sdk_1.0.25.aar] AndroidManifest.xml:15:22-59
177    <uses-permission android:name="com.google.android.gms.permission.AD_ID" />
177-->[com.umeng.umsdk:common:9.6.1] AndroidManifest.xml:11:5-79
177-->[com.umeng.umsdk:common:9.6.1] AndroidManifest.xml:11:22-76
178
179    <application
179-->src/main/AndroidManifest.xml:120:5-295:19
180        android:name="io.dcloud.application.DCloudApplication"
180-->src/main/AndroidManifest.xml:121:9-63
181        android:allowClearUserData="true"
181-->src/main/AndroidManifest.xml:122:9-42
182        android:allowNativeHeapPointerTagging="false"
182-->[weex_amap-release.aar] AndroidManifest.xml:7:18-63
183        android:appComponentFactory="androidx.core.app.CoreComponentFactory"
183-->[androidx.core:core:1.1.0] AndroidManifest.xml:24:18-86
184        android:debuggable="true"
184-->src/main/AndroidManifest.xml:126:9-34
185        android:extractNativeLibs="true"
186        android:icon="@drawable/icon"
186-->src/main/AndroidManifest.xml:123:9-38
187        android:label="@string/app_name"
187-->src/main/AndroidManifest.xml:124:9-41
188        android:largeHeap="true"
188-->src/main/AndroidManifest.xml:125:9-33
189        android:supportsRtl="true"
189-->[lib.5plus.base-release.aar] AndroidManifest.xml:174:9-35
190        android:testOnly="true"
191        android:usesCleartextTraffic="true" >
191-->[lib.5plus.base-release.aar] AndroidManifest.xml:175:9-44
192        <activity
192-->src/main/AndroidManifest.xml:129:9-143:20
193            android:name="io.dcloud.PandoraEntry"
193-->src/main/AndroidManifest.xml:130:13-50
194            android:configChanges="orientation|keyboardHidden|keyboard|navigation"
194-->src/main/AndroidManifest.xml:131:13-83
195            android:exported="true"
195-->src/main/AndroidManifest.xml:137:13-36
196            android:hardwareAccelerated="true"
196-->src/main/AndroidManifest.xml:134:13-47
197            android:label="@string/app_name"
197-->src/main/AndroidManifest.xml:132:13-45
198            android:launchMode="singleTask"
198-->src/main/AndroidManifest.xml:133:13-44
199            android:screenOrientation="user"
199-->src/main/AndroidManifest.xml:136:13-45
200            android:theme="@style/TranslucentTheme"
200-->src/main/AndroidManifest.xml:135:13-52
201            android:windowSoftInputMode="adjustResize" >
201-->src/main/AndroidManifest.xml:138:13-55
202            <intent-filter>
202-->src/main/AndroidManifest.xml:139:13-142:29
203                <action android:name="android.intent.action.MAIN" />
203-->src/main/AndroidManifest.xml:140:17-69
203-->src/main/AndroidManifest.xml:140:25-66
204
205                <category android:name="android.intent.category.LAUNCHER" />
205-->src/main/AndroidManifest.xml:141:17-77
205-->src/main/AndroidManifest.xml:141:27-74
206            </intent-filter>
207        </activity>
208
209        <!-- Statistic(统计)-友盟统计 begin -->
210        <!-- 官方网站：http://www.umeng.com/analytics -->
211        <!-- meta-data节点android:name="UMENG_APPKEY"项中android:value值为友盟网站申请的APPKEY -->
212        <!-- meta-data节点android:name="UMENG_CHANNEL"项中android:value值为发行渠道标识，可任意取值，用于各种发行渠道效果统计 -->
213        <meta-data
213-->src/main/AndroidManifest.xml:149:9-151:40
214            android:name="UMENG_APPKEY"
214-->src/main/AndroidManifest.xml:150:13-40
215            android:value="友盟appkey" />
215-->src/main/AndroidManifest.xml:151:13-37
216        <meta-data
216-->src/main/AndroidManifest.xml:152:9-154:36
217            android:name="UMENG_CHANNEL"
217-->src/main/AndroidManifest.xml:153:13-41
218            android:value="友盟渠道" />
218-->src/main/AndroidManifest.xml:154:13-33
219        <!-- 友盟统计  配置  end -->
220
221
222        <!-- Maps(地图) begin -->
223        <!-- meta-data节点android:name="com.baidu.lbsapi.API_KEY"项中android:value值为百度地图应用的Appkey -->
224        <meta-data
224-->src/main/AndroidManifest.xml:159:9-161:36
225            android:name="com.baidu.lbsapi.API_KEY"
225-->src/main/AndroidManifest.xml:160:13-52
226            android:value="百度key" />
226-->src/main/AndroidManifest.xml:161:13-34
227        <!--  -->
228        <service
228-->src/main/AndroidManifest.xml:163:9-166:40
229            android:name="com.baidu.location.f"
229-->src/main/AndroidManifest.xml:164:13-48
230            android:enabled="true"
230-->src/main/AndroidManifest.xml:165:13-35
231            android:process=":remote" />
231-->src/main/AndroidManifest.xml:166:13-38
232        <!-- Maps(地图) end -->
233        <meta-data
233-->src/main/AndroidManifest.xml:168:9-169:63
234            android:name="com.amap.api.v2.apikey"
234-->src/main/AndroidManifest.xml:168:20-57
235            android:value="47e729510a3ff63a11da62fe901af0a5" />
235-->src/main/AndroidManifest.xml:169:13-61
236
237        <service android:name="com.amap.api.location.APSService" />
237-->src/main/AndroidManifest.xml:170:9-68
237-->src/main/AndroidManifest.xml:170:18-65
238
239        <!-- Oauth 授权登陆 start -->
240        <!-- Oauth QQ start -->
241        <!-- QQ 分享 配置和授权登陆相同 -->
242        <meta-data
242-->src/main/AndroidManifest.xml:175:9-177:40
243            android:name="QQ_APPID"
243-->src/main/AndroidManifest.xml:176:13-36
244            android:value="QQ的appid" />
244-->src/main/AndroidManifest.xml:177:13-37
245
246        <activity
246-->src/main/AndroidManifest.xml:179:9-192:20
247            android:name="com.tencent.tauth.AuthActivity"
247-->src/main/AndroidManifest.xml:180:13-58
248            android:exported="true"
248-->src/main/AndroidManifest.xml:182:13-36
249            android:launchMode="singleTask"
249-->src/main/AndroidManifest.xml:181:13-44
250            android:noHistory="true" >
250-->src/main/AndroidManifest.xml:183:13-37
251            <intent-filter>
251-->src/main/AndroidManifest.xml:184:13-191:29
252                <action android:name="android.intent.action.VIEW" />
252-->src/main/AndroidManifest.xml:185:17-69
252-->src/main/AndroidManifest.xml:185:25-66
253
254                <category android:name="android.intent.category.DEFAULT" />
254-->src/main/AndroidManifest.xml:187:17-76
254-->src/main/AndroidManifest.xml:187:27-73
255                <category android:name="android.intent.category.BROWSABLE" />
255-->src/main/AndroidManifest.xml:188:17-78
255-->src/main/AndroidManifest.xml:188:27-75
256
257                <data android:scheme="QQ的appid" />
257-->src/main/AndroidManifest.xml:190:17-51
257-->src/main/AndroidManifest.xml:190:23-48
258            </intent-filter>
259        </activity>
260        <activity
260-->src/main/AndroidManifest.xml:193:9-196:75
261            android:name="com.tencent.connect.common.AssistActivity"
261-->src/main/AndroidManifest.xml:194:13-69
262            android:screenOrientation="portrait"
262-->src/main/AndroidManifest.xml:195:13-49
263            android:theme="@android:style/Theme.Translucent.NoTitleBar" />
263-->src/main/AndroidManifest.xml:196:13-72
264        <!-- Oauth QQ end -->
265
266
267        <!-- Oauth Sina start -->
268
269
270        <!-- Oauth Sina end -->
271        <!-- Oauth 授权登陆 end -->
272
273
274        <!-- Share(分享) begin -->
275        <!-- Share - 新浪微博分享 -->
276        <!-- 官方网站：http://open.weibo.com/ -->
277        <meta-data
277-->src/main/AndroidManifest.xml:209:9-211:39
278            android:name="SINA_REDIRECT_URI"
278-->src/main/AndroidManifest.xml:210:13-45
279            android:value="微博的回调地址" />
279-->src/main/AndroidManifest.xml:211:13-36
280        <meta-data
280-->src/main/AndroidManifest.xml:212:9-214:41
281            android:name="SINA_SECRET"
281-->src/main/AndroidManifest.xml:213:13-39
282            android:value="微博的secret" />
282-->src/main/AndroidManifest.xml:214:13-38
283        <meta-data
283-->src/main/AndroidManifest.xml:215:9-217:42
284            android:name="SINA_APPKEY"
284-->src/main/AndroidManifest.xml:216:13-39
285            android:value="_微博的appkey" />
285-->src/main/AndroidManifest.xml:217:13-39
286        <!-- 分享 -->
287
288
289        <!-- 微信分享 配置begin -->
290        <meta-data
290-->src/main/AndroidManifest.xml:221:9-95
291            android:name="WX_SECRET"
291-->src/main/AndroidManifest.xml:221:69-93
292            android:value="5d1ddede57c137999d083e3c01b948b5" />
292-->src/main/AndroidManifest.xml:221:20-68
293        <meta-data
293-->src/main/AndroidManifest.xml:222:9-80
294            android:name="WX_APPID"
294-->src/main/AndroidManifest.xml:222:55-78
295            android:value="wx3aeba17397e7136d" />
295-->src/main/AndroidManifest.xml:222:20-54
296
297        <activity
297-->src/main/AndroidManifest.xml:223:9-231:20
298            android:name="com.cheryge.greenenergy.wxapi.WXEntryActivity"
298-->src/main/AndroidManifest.xml:223:19-79
299            android:exported="true"
299-->src/main/AndroidManifest.xml:225:13-36
300            android:label="@string/app_name"
300-->src/main/AndroidManifest.xml:224:13-45
301            android:launchMode="singleTop" >
301-->src/main/AndroidManifest.xml:226:13-43
302            <intent-filter>
302-->src/main/AndroidManifest.xml:227:13-230:29
303                <action android:name="android.intent.action.VIEW" />
303-->src/main/AndroidManifest.xml:185:17-69
303-->src/main/AndroidManifest.xml:185:25-66
304
305                <category android:name="android.intent.category.DEFAULT" />
305-->src/main/AndroidManifest.xml:187:17-76
305-->src/main/AndroidManifest.xml:187:27-73
306
307                <data android:scheme="wx3aeba17397e7136d" />
307-->src/main/AndroidManifest.xml:190:17-51
307-->src/main/AndroidManifest.xml:190:23-48
308            </intent-filter>
309        </activity>
310        <!-- 微信分享 配置 end -->
311
312
313        <!-- 微信支付配置 start -->
314        <activity
314-->src/main/AndroidManifest.xml:235:9-238:46
315            android:name="com.cheryge.greenenergy.wxapi.WXPayEntryActivity"
315-->src/main/AndroidManifest.xml:236:13-53
316            android:exported="true"
316-->src/main/AndroidManifest.xml:237:13-36
317            android:launchMode="singleTop" />
317-->src/main/AndroidManifest.xml:238:13-43
318
319        <!-- 微信支付配置end -->
320        <!-- 小米分享 -->
321        <meta-data
321-->src/main/AndroidManifest.xml:242:9-244:45
322            android:name="MIUI_APPID"
322-->src/main/AndroidManifest.xml:243:13-38
323            android:value="_%小米分享的APPID%" />
323-->src/main/AndroidManifest.xml:244:13-42
324        <meta-data
324-->src/main/AndroidManifest.xml:245:9-247:48
325            android:name="MIUI_APPSECRET"
325-->src/main/AndroidManifest.xml:246:13-42
326            android:value="%小米分享的appSecret%" />
326-->src/main/AndroidManifest.xml:247:13-45
327        <meta-data
327-->src/main/AndroidManifest.xml:248:9-250:43
328            android:name="MIUI_REDIRECT_URI"
328-->src/main/AndroidManifest.xml:249:13-45
329            android:value="%小米分享的回调地址%" />
329-->src/main/AndroidManifest.xml:250:13-40
330
331        <activity android:name="com.xiaomi.account.openauth.AuthorizeActivity" />
331-->src/main/AndroidManifest.xml:252:9-82
331-->src/main/AndroidManifest.xml:252:19-79
332        <!-- 小米分享 end -->
333        <!--
334        Dcloud 开屏广告配置>
335        <meta-data android:name="DCLOUD_STREAMAPP_CHANNEL" android:value="io.dcloud.H57BCF8D2|H57BCF8D2|12331280401"></meta-data>
336        <meta-data android:name="DCLOUD_AD_ID" android:value="-553621487"></meta-data>
337        <meta-data android:name="DCLOUD_AD_SPLASH" android:value="true"></meta-data>
338        < Dcloud 开屏广告配置
339        -->
340        <!-- 百度语音识别 start -->
341        <meta-data
341-->src/main/AndroidManifest.xml:260:9-87
342            android:name="com.baidu.speech.APP_ID"
342-->src/main/AndroidManifest.xml:260:20-58
343            android:value="百度语音的appid" />
343-->src/main/AndroidManifest.xml:260:59-85
344        <meta-data
344-->src/main/AndroidManifest.xml:261:9-89
345            android:name="com.baidu.speech.API_KEY"
345-->src/main/AndroidManifest.xml:261:20-59
346            android:value="百度语音的appkey" />
346-->src/main/AndroidManifest.xml:261:60-87
347        <meta-data
347-->src/main/AndroidManifest.xml:262:9-92
348            android:name="com.baidu.speech.SECRET_KEY"
348-->src/main/AndroidManifest.xml:262:20-62
349            android:value="百度语音的secret" />
349-->src/main/AndroidManifest.xml:262:63-90
350
351        <service
351-->src/main/AndroidManifest.xml:263:9-101
352            android:name="com.baidu.speech.VoiceRecognitionService"
352-->src/main/AndroidManifest.xml:263:18-73
353            android:exported="false" />
353-->src/main/AndroidManifest.xml:263:74-98
354        <!-- 百度语音识别 end -->
355
356        <activity
356-->src/main/AndroidManifest.xml:266:9-291:20
357            android:name="io.dcloud.PandoraEntryActivity"
357-->src/main/AndroidManifest.xml:267:13-58
358            android:configChanges="orientation|keyboardHidden|screenSize|mcc|mnc|fontScale|keyboard|smallestScreenSize|screenLayout|screenSize|uiMode"
358-->src/main/AndroidManifest.xml:269:13-151
359            android:exported="true"
359-->src/main/AndroidManifest.xml:274:13-36
360            android:hardwareAccelerated="true"
360-->src/main/AndroidManifest.xml:270:13-47
361            android:launchMode="singleTask"
361-->src/main/AndroidManifest.xml:268:13-44
362            android:permission="com.miui.securitycenter.permission.AppPermissionsEditor"
362-->src/main/AndroidManifest.xml:271:13-89
363            android:screenOrientation="user"
363-->src/main/AndroidManifest.xml:272:13-45
364            android:theme="@style/DCloudTheme"
364-->src/main/AndroidManifest.xml:273:13-47
365            android:windowSoftInputMode="adjustResize" >
365-->src/main/AndroidManifest.xml:275:13-55
366            <intent-filter>
366-->src/main/AndroidManifest.xml:277:13-290:29
367                <category android:name="android.intent.category.DEFAULT" />
367-->src/main/AndroidManifest.xml:187:17-76
367-->src/main/AndroidManifest.xml:187:27-73
368                <category android:name="android.intent.category.BROWSABLE" />